<?xml version="1.0" encoding="UTF-8"?>
<testsuite xmlns:xsi="http://www.w3.org/2001/XMLSchema-instance" xsi:noNamespaceSchemaLocation="https://maven.apache.org/surefire/maven-surefire-plugin/xsd/surefire-test-report-3.0.xsd" version="3.0" name="TestSuite" time="118.876" tests="9" errors="0" skipped="2" failures="2">
  <properties>
[...]
</properties>
  <testcase name="runScenario[&quot;Free CRM login test Sceanrio&quot;, &quot;Free CRM login feature without Background&quot;](2)" classname="runner.Testrunner" time="89.136">
    <system-out><![CDATA[
Scenario Outline: Free CRM login test Sceanrio                         # src/test/resources/features/login2.feature:17

Scenario Outline: SC_2:-Login into sauce demo                          # src/test/resources/features/Background.feature:32

Scenario Outline: SC_1:-Login into sauce demo                          # src/test/resources/features/Background.feature:19

Scenario Outline: Free CRM login test Sceanrio                         # src/test/resources/features/login2.feature:18

Scenario Outline: Free CRM login test Sceanrio                     # src/test/resources/features/login2.feature:16

Scenario Outline: SC_2:-Login into sauce demo                          # src/test/resources/features/Background.feature:33

Scenario Outline: SC_1:-Login into sauce demo                      # src/test/resources/features/Background.feature:18
browser value is: chrome
browser value is: chrome
browser value is: chrome
browser value is: chrome
browser value is: chrome
browser value is: chrome
browser value is: chrome
thread id :-30
thread id :-29
thread id :-33
thread id :-34
thread id :-35
thread id :-32
thread id :-31
user is already on login page
  Given user is already on login page                                  # stepdefnitions.PageFactoryLoginStepsDefinition.user_is_already_on_login_page()
afterStepmethod executed..
user is already on login page
  Given user is already on login page                                  # stepdefnitions.PageFactoryLoginStepsDefinition.user_is_already_on_login_page()
afterStepmethod executed..
user is already on login page
  Given user is already on login page                              # stepdefnitions.PageFactoryLoginStepsDefinition.user_is_already_on_login_page()
afterStepmethod executed..
user is already on login page
  Given user is already on login page                                  # stepdefnitions.PageFactoryLoginStepsDefinition.user_is_already_on_login_page()
afterStepmethod executed..
user is already on login page
  Given user is already on login page                              # stepdefnitions.PageFactoryLoginStepsDefinition.user_is_already_on_login_page()
afterStepmethod executed..
user is already on login page
  Given user is already on login page                                  # stepdefnitions.PageFactoryLoginStepsDefinition.user_is_already_on_login_page()
afterStepmethod executed..

    Embedding Free CRM login test Sceanrio [image/png 9010 bytes]


    Embedding SC_2:-Login into sauce demo [image/png 9010 bytes]


    Embedding Free CRM login test Sceanrio [image/png 9010 bytes]


    Embedding SC_1:-Login into sauce demo [image/png 9010 bytes]


    Embedding Free CRM login test Sceanrio [image/png 9010 bytes]


    Embedding SC_1:-Login into sauce demo [image/png 9010 bytes]

title of login page is Free CRM
title of login page is Free CRM
  When title of login page is Free CRM                                 # stepdefnitions.PageFactoryLoginStepsDefinition.title_of_login_page_is_Free_CRM()
  When title of login page is Free CRM                             # stepdefnitions.PageFactoryLoginStepsDefinition.title_of_login_page_is_Free_CRM()
title of login page is Free CRM
  When title of login page is Free CRM                                 # stepdefnitions.PageFactoryLoginStepsDefinition.title_of_login_page_is_Free_CRM()
afterStepmethod executed..
title of login page is Free CRM
  When title of login page is Free CRM                             # stepdefnitions.PageFactoryLoginStepsDefinition.title_of_login_page_is_Free_CRM()
afterStepmethod executed..
afterStepmethod executed..
title of login page is Free CRM
  When title of login page is Free CRM                                 # stepdefnitions.PageFactoryLoginStepsDefinition.title_of_login_page_is_Free_CRM()
afterStepmethod executed..
title of login page is Free CRM
  When title of login page is Free CRM                                 # stepdefnitions.PageFactoryLoginStepsDefinition.title_of_login_page_is_Free_CRM()
afterStepmethod executed..
afterStepmethod executed..

    Embedding Free CRM login test Sceanrio [image/png 9010 bytes]

user is already on login page

    Embedding Free CRM login test Sceanrio [image/png 9010 bytes]


    Embedding SC_2:-Login into sauce demo [image/png 9010 bytes]


    Embedding Free CRM login test Sceanrio [image/png 9010 bytes]


    Embedding SC_1:-Login into sauce demo [image/png 9010 bytes]


    Embedding SC_1:-Login into sauce demo [image/png 9010 bytes]

  Given user is already on login page                                  # stepdefnitions.PageFactoryLoginStepsDefinition.user_is_already_on_login_page()
afterStepmethod executed..

    Embedding SC_2:-Login into sauce demo [image/png 9010 bytes]

title of login page is Free CRM
  When title of login page is Free CRM                                 # stepdefnitions.PageFactoryLoginStepsDefinition.title_of_login_page_is_Free_CRM()
afterStepmethod executed..

    Embedding SC_2:-Login into sauce demo [image/png 9010 bytes]

user enters problem_user1  secret_sauce
  Given user enters "problem_user1" and "secret_sauce"                 # stepdefnitions.PageFactoryLoginStepsDefinition.user_enters_and(java.lang.String,java.lang.String)
afterStepmethod executed..

    Embedding SC_2:-Login into sauce demo [image/png 8913 bytes]

user enters standard_user1  secret_sauce
user enters performance_glitch_user  secret_sauce
user enters problem_user  secret_sauce
user enters problem_user  secret_sauce
user enters standard_user  secret_sauce
user enters performance_glitch_user  secret_sauce
  Given user enters "performance_glitch_user" and "secret_sauce"       # stepdefnitions.PageFactoryLoginStepsDefinition.user_enters_and(java.lang.String,java.lang.String)
  Then user enters "standard_user" and "secret_sauce"              # stepdefnitions.PageFactoryLoginStepsDefinition.user_enters_and(java.lang.String,java.lang.String)
  Given user enters "problem_user" and "secret_sauce"                  # stepdefnitions.PageFactoryLoginStepsDefinition.user_enters_and(java.lang.String,java.lang.String)
  Then user enters "problem_user" and "secret_sauce"                   # stepdefnitions.PageFactoryLoginStepsDefinition.user_enters_and(java.lang.String,java.lang.String)
  Then user enters "performance_glitch_user" and "secret_sauce"        # stepdefnitions.PageFactoryLoginStepsDefinition.user_enters_and(java.lang.String,java.lang.String)
  Given user enters "standard_user1" and "secret_sauce"            # stepdefnitions.PageFactoryLoginStepsDefinition.user_enters_and(java.lang.String,java.lang.String)
afterStepmethod executed..
afterStepmethod executed..
afterStepmethod executed..
afterStepmethod executed..
afterStepmethod executed..
afterStepmethod executed..

    Embedding Free CRM login test Sceanrio [image/png 9067 bytes]


    Embedding Free CRM login test Sceanrio [image/png 8927 bytes]


    Embedding Free CRM login test Sceanrio [image/png 8919 bytes]


    Embedding SC_1:-Login into sauce demo [image/png 8919 bytes]


    Embedding SC_1:-Login into sauce demo [image/png 8948 bytes]

user_clicks_on_login_button 

    Embedding SC_2:-Login into sauce demo [image/png 9067 bytes]

  Then user clicks on login button                                     # stepdefnitions.PageFactoryLoginStepsDefinition.user_clicks_on_login_button()
afterStepmethod executed..

    Embedding SC_2:-Login into sauce demo [image/png 11789 bytes]

user_clicks_on_login_button 
  Then user clicks on login button                                 # stepdefnitions.PageFactoryLoginStepsDefinition.user_clicks_on_login_button()
afterStepmethod executed..

    Embedding SC_1:-Login into sauce demo [image/png 11790 bytes]

user_clicks_on_login_button 
user_clicks_on_login_button 
user_clicks_on_login_button 
  Then user clicks on login button                                 # stepdefnitions.PageFactoryLoginStepsDefinition.user_clicks_on_login_button()
afterStepmethod executed..
  Then user clicks on login button                                     # stepdefnitions.PageFactoryLoginStepsDefinition.user_clicks_on_login_button()
afterStepmethod executed..
  Then user clicks on login button                                     # stepdefnitions.PageFactoryLoginStepsDefinition.user_clicks_on_login_button()
afterStepmethod executed..

    Embedding Free CRM login test Sceanrio [image/png 66405 bytes]

  Then user is on home page                                            # stepdefnitions.PageFactoryLoginStepsDefinition.user_is_on_home_page()
      org.openqa.selenium.NoSuchElementException: no such element: Unable to locate element: {"method":"xpath","selector":"//*[@class='app_logo']"}
  (Session info: chrome=123.0.6312.86)
For documentation on this error, please visit: https://www.selenium.dev/documentation/webdriver/troubleshooting/errors#no-such-element-exception
Build info: version: '4.19.0', revision: '5f9cec8963'
System info: os.name: 'Windows 10', os.arch: 'amd64', os.version: '10.0', java.version: '21.0.2'
Driver info: org.openqa.selenium.chrome.ChromeDriver
Command: [f5d5008efb425109143999e291ccb4f5, findElement {value=//*[@class='app_logo'], using=xpath}]
Capabilities {acceptInsecureCerts: false, browserName: chrome, browserVersion: 123.0.6312.86, chrome: {chromedriverVersion: 123.0.6312.86 (9b72c47a0536..., userDataDir: C:\Users\Admin\AppData\Loca...}, fedcm:accounts: true, goog:chromeOptions: {debuggerAddress: localhost:51052}, networkConnectionEnabled: false, pageLoadStrategy: normal, platformName: windows, proxy: Proxy(), se:cdp: ws://localhost:51052/devtoo..., se:cdpVersion: 123.0.6312.86, setWindowRect: true, strictFileInteractability: false, timeouts: {implicit: 0, pageLoad: 300000, script: 30000}, unhandledPromptBehavior: dismiss and notify, webauthn:extension:credBlob: true, webauthn:extension:largeBlob: true, webauthn:extension:minPinLength: true, webauthn:extension:prf: true, webauthn:virtualAuthenticators: true}
Session ID: f5d5008efb425109143999e291ccb4f5
	at java.base/jdk.internal.reflect.DirectConstructorHandleAccessor.newInstance(DirectConstructorHandleAccessor.java:62)
	at java.base/java.lang.reflect.Constructor.newInstanceWithCaller(Constructor.java:502)
	at java.base/java.lang.reflect.Constructor.newInstance(Constructor.java:486)
	at org.openqa.selenium.remote.ErrorCodec.decode(ErrorCodec.java:167)
	at org.openqa.selenium.remote.codec.w3c.W3CHttpResponseCodec.decode(W3CHttpResponseCodec.java:138)
	at org.openqa.selenium.remote.codec.w3c.W3CHttpResponseCodec.decode(W3CHttpResponseCodec.java:50)
	at org.openqa.selenium.remote.HttpCommandExecutor.execute(HttpCommandExecutor.java:190)
	at org.openqa.selenium.remote.service.DriverCommandExecutor.invokeExecute(DriverCommandExecutor.java:216)
	at org.openqa.selenium.remote.service.DriverCommandExecutor.execute(DriverCommandExecutor.java:174)
	at org.openqa.selenium.remote.RemoteWebDriver.execute(RemoteWebDriver.java:518)
	at org.openqa.selenium.remote.ElementLocation$ElementFinder$2.findElement(ElementLocation.java:165)
	at org.openqa.selenium.remote.ElementLocation.findElement(ElementLocation.java:59)
	at org.openqa.selenium.remote.RemoteWebDriver.findElement(RemoteWebDriver.java:355)
	at org.openqa.selenium.remote.RemoteWebDriver.findElement(RemoteWebDriver.java:349)
	at org.openqa.selenium.support.pagefactory.DefaultElementLocator.findElement(DefaultElementLocator.java:68)
	at org.openqa.selenium.support.pagefactory.internal.LocatingElementHandler.invoke(LocatingElementHandler.java:38)
	at jdk.proxy2/jdk.proxy2.$Proxy27.isDisplayed(Unknown Source)
	at pageFactory.LoginPageFactory.isAppLogoDisplayed(LoginPageFactory.java:52)
	at stepdefnitions.PageFactoryLoginStepsDefinition.user_is_on_home_page(PageFactoryLoginStepsDefinition.java:65)
	at ✽.user is on home page(file:///C:/Users/Admin/eclipse-workspace/cucmbervikashmarch/src/test/resources/features/Background.feature:24)

  Then user is on home page                                        # stepdefnitions.PageFactoryLoginStepsDefinition.user_is_on_home_page()
      org.openqa.selenium.NoSuchElementException: no such element: Unable to locate element: {"method":"xpath","selector":"//*[@class='app_logo']"}
  (Session info: chrome=123.0.6312.86)
For documentation on this error, please visit: https://www.selenium.dev/documentation/webdriver/troubleshooting/errors#no-such-element-exception
Build info: version: '4.19.0', revision: '5f9cec8963'
System info: os.name: 'Windows 10', os.arch: 'amd64', os.version: '10.0', java.version: '21.0.2'
Driver info: org.openqa.selenium.chrome.ChromeDriver
Command: [4e783ba5f4c802678aeed660866e5e47, findElement {value=//*[@class='app_logo'], using=xpath}]
Capabilities {acceptInsecureCerts: false, browserName: chrome, browserVersion: 123.0.6312.86, chrome: {chromedriverVersion: 123.0.6312.86 (9b72c47a0536..., userDataDir: C:\Users\Admin\AppData\Loca...}, fedcm:accounts: true, goog:chromeOptions: {debuggerAddress: localhost:51053}, networkConnectionEnabled: false, pageLoadStrategy: normal, platformName: windows, proxy: Proxy(), se:cdp: ws://localhost:51053/devtoo..., se:cdpVersion: 123.0.6312.86, setWindowRect: true, strictFileInteractability: false, timeouts: {implicit: 0, pageLoad: 300000, script: 30000}, unhandledPromptBehavior: dismiss and notify, webauthn:extension:credBlob: true, webauthn:extension:largeBlob: true, webauthn:extension:minPinLength: true, webauthn:extension:prf: true, webauthn:virtualAuthenticators: true}
Session ID: 4e783ba5f4c802678aeed660866e5e47
	at java.base/jdk.internal.reflect.DirectConstructorHandleAccessor.newInstance(DirectConstructorHandleAccessor.java:62)
	at java.base/java.lang.reflect.Constructor.newInstanceWithCaller(Constructor.java:502)
	at java.base/java.lang.reflect.Constructor.newInstance(Constructor.java:486)
	at org.openqa.selenium.remote.ErrorCodec.decode(ErrorCodec.java:167)
	at org.openqa.selenium.remote.codec.w3c.W3CHttpResponseCodec.decode(W3CHttpResponseCodec.java:138)
	at org.openqa.selenium.remote.codec.w3c.W3CHttpResponseCodec.decode(W3CHttpResponseCodec.java:50)
	at org.openqa.selenium.remote.HttpCommandExecutor.execute(HttpCommandExecutor.java:190)
	at org.openqa.selenium.remote.service.DriverCommandExecutor.invokeExecute(DriverCommandExecutor.java:216)
	at org.openqa.selenium.remote.service.DriverCommandExecutor.execute(DriverCommandExecutor.java:174)
	at org.openqa.selenium.remote.RemoteWebDriver.execute(RemoteWebDriver.java:518)
	at org.openqa.selenium.remote.ElementLocation$ElementFinder$2.findElement(ElementLocation.java:165)
	at org.openqa.selenium.remote.ElementLocation.findElement(ElementLocation.java:59)
	at org.openqa.selenium.remote.RemoteWebDriver.findElement(RemoteWebDriver.java:355)
	at org.openqa.selenium.remote.RemoteWebDriver.findElement(RemoteWebDriver.java:349)
	at org.openqa.selenium.support.pagefactory.DefaultElementLocator.findElement(DefaultElementLocator.java:68)
	at org.openqa.selenium.support.pagefactory.internal.LocatingElementHandler.invoke(LocatingElementHandler.java:38)
	at jdk.proxy2/jdk.proxy2.$Proxy27.isDisplayed(Unknown Source)
	at pageFactory.LoginPageFactory.isAppLogoDisplayed(LoginPageFactory.java:52)
	at stepdefnitions.PageFactoryLoginStepsDefinition.user_is_on_home_page(PageFactoryLoginStepsDefinition.java:65)
	at ✽.user is on home page(file:///C:/Users/Admin/eclipse-workspace/cucmbervikashmarch/src/test/resources/features/Background.feature:10)


    Embedding SC_1:-Login into sauce demo [image/png 152822 bytes]


    Embedding Free CRM login test Sceanrio [image/png 52257 bytes]

afterStepmethod executed..
afterStepmethod executed..

    Embedding SC_1:-Login into sauce demo [image/png 11790 bytes]

user is on home page 
user is on home page 
user is on home page 
user_clicks_on_login_button 
  Then user clicks on login button                                     # stepdefnitions.PageFactoryLoginStepsDefinition.user_clicks_on_login_button()
  Then user is on home page                                            # stepdefnitions.PageFactoryLoginStepsDefinition.user_is_on_home_page()
afterStepmethod executed..
  Then user is on home page                                        # stepdefnitions.PageFactoryLoginStepsDefinition.user_is_on_home_page()
  Then user is on home page                                            # stepdefnitions.PageFactoryLoginStepsDefinition.user_is_on_home_page()

    Embedding SC_2:-Login into sauce demo [image/png 11789 bytes]

afterStepmethod executed..
user_clicks_on_login_button 
  Then user clicks on login button                                     # stepdefnitions.PageFactoryLoginStepsDefinition.user_clicks_on_login_button()

    Embedding SC_1:-Login into sauce demo [image/png 152822 bytes]


    Embedding Free CRM login test Sceanrio [image/png 152822 bytes]

afterStepmethod executed..
user moves to new contact page 
  Then user moves to new contact page                                  # stepdefnitions.PageFactoryLoginStepsDefinition.user_moves_to_new_contact_page()
afterStepmethod executed..
afterStepmethod executed..
  Then user add backback page                                          # stepdefnitions.PageFactoryLoginStepsDefinition.user_add_backback_page()
afterStepmethod executed..
  Then verify product added in the cart                                # stepdefnitions.PageFactoryLoginStepsDefinition.verify_product_added_in_the_cart()
  Then user add backback page                                      # stepdefnitions.PageFactoryLoginStepsDefinition.user_add_backback_page()
  Then user enters contact details "Tommy" and "Dsouza" and "Director" # stepdefnitions.PageFactoryLoginStepsDefinition.user_enters_contact_details_and_and(java.lang.String,java.lang.String,java.lang.String)
  Then verify product added in the cart                            # stepdefnitions.PageFactoryLoginStepsDefinition.verify_product_added_in_the_cart()
  Then Close the browser                                               # stepdefnitions.PageFactoryLoginStepsDefinition.close_the_browser()
  Then user enters contact details "Tom" and "Peter" and "Manager" # stepdefnitions.PageFactoryLoginStepsDefinition.user_enters_contact_details_and_and(java.lang.String,java.lang.String,java.lang.String)
AfterScenario method executed..
  Then Close the browser                                           # stepdefnitions.PageFactoryLoginStepsDefinition.close_the_browser()
AfterScenario method executed..

    Embedding Free CRM login test Sceanrio [image/png 153770 bytes]

  Then user add backback page                                          # stepdefnitions.PageFactoryLoginStepsDefinition.user_add_backback_page()

    Embedding SC_2:-Login into sauce demo [image/png 150799 bytes]


    Embedding Free CRM login test Sceanrio [image/png 150799 bytes]


    Embedding Free CRM login test Sceanrio [image/png 152822 bytes]

afterStepmethod executed..
user moves to new contact page 
  Then user moves to new contact page                              # stepdefnitions.PageFactoryLoginStepsDefinition.user_moves_to_new_contact_page()
afterStepmethod executed..
user enters Tommy  Dsouza  Director
  Then user enters contact details "Tommy" and "Dsouza" and "Director" # stepdefnitions.PageFactoryLoginStepsDefinition.user_enters_contact_details_and_and(java.lang.String,java.lang.String,java.lang.String)
afterStepmethod executed..
user is on home page 
  Then user is on home page                                            # stepdefnitions.PageFactoryLoginStepsDefinition.user_is_on_home_page()
afterStepmethod executed..

    Embedding SC_1:-Login into sauce demo [image/png 153485 bytes]

user is on home page 

    Embedding Free CRM login test Sceanrio [image/png 153770 bytes]

  Then user is on home page                                            # stepdefnitions.PageFactoryLoginStepsDefinition.user_is_on_home_page()

    Embedding Free CRM login test Sceanrio [image/png 152822 bytes]


    Embedding Free CRM login test Sceanrio [image/png 150799 bytes]

user moves to new contact page 
  Then user moves to new contact page                                  # stepdefnitions.PageFactoryLoginStepsDefinition.user_moves_to_new_contact_page()
afterStepmethod executed..
afterStepmethod executed..
Close the browser 
  Then Close the browser                                               # stepdefnitions.PageFactoryLoginStepsDefinition.close_the_browser()
afterStepmethod executed..
user enters Tom  Peter  Manager
  Then user enters contact details "Tom" and "Peter" and "Manager" # stepdefnitions.PageFactoryLoginStepsDefinition.user_enters_contact_details_and_and(java.lang.String,java.lang.String,java.lang.String)
afterStepmethod executed..

    Embedding Free CRM login test Sceanrio [image/png 153770 bytes]


    Embedding Free CRM login test Sceanrio [image/png 152822 bytes]


    Embedding Free CRM login test Sceanrio [image/png 150799 bytes]


    Embedding SC_2:-Login into sauce demo [image/png 150799 bytes]

Close the browser 
  Then Close the browser                                           # stepdefnitions.PageFactoryLoginStepsDefinition.close_the_browser()
afterStepmethod executed..
AfterScenario method executed..
user enters David  Dsouza  Director
  Then user enters contact details "David" and "Dsouza" and "Director" # stepdefnitions.PageFactoryLoginStepsDefinition.user_enters_contact_details_and_and(java.lang.String,java.lang.String,java.lang.String)

    Free CRM login test Sceanriois failed

afterStepmethod executed..
  Then user add backback page                                          # stepdefnitions.PageFactoryLoginStepsDefinition.user_add_backback_page()
afterStepmethod executed..

    Embedding Free CRM login test Sceanrio [image/png 153770 bytes]

cart_quantity is : 1

    Embedding SC_2:-Login into sauce demo [image/png 151402 bytes]


    Embedding Free CRM login test Sceanrio [image/png 150799 bytes]

  Then verify product added in the cart                                # stepdefnitions.PageFactoryLoginStepsDefinition.verify_product_added_in_the_cart()
AfterScenario method executed..

    Free CRM login test Sceanriois failed

afterStepmethod executed..
Close the browser 
  Then Close the browser                                               # stepdefnitions.PageFactoryLoginStepsDefinition.close_the_browser()
afterStepmethod executed..

    Embedding SC_1:-Login into sauce demo [image/png 15320 bytes]

cart_quantity is : 1
  Then verify product added in the cart                                # stepdefnitions.PageFactoryLoginStepsDefinition.verify_product_added_in_the_cart()

    Embedding Free CRM login test Sceanrio [image/png 153770 bytes]

user enters Tommy  Dsouza  Director
afterStepmethod executed..
  Then user enters contact details "Tommy" and "Dsouza" and "Director" # stepdefnitions.PageFactoryLoginStepsDefinition.user_enters_contact_details_and_and(java.lang.String,java.lang.String,java.lang.String)
afterStepmethod executed..
AfterScenario method executed..

    Free CRM login test Sceanriois failed


    Embedding SC_1:-Login into sauce demo [image/png 15320 bytes]

Close the browser 
  Then Close the browser                                               # stepdefnitions.PageFactoryLoginStepsDefinition.close_the_browser()
afterStepmethod executed..

    Embedding SC_2:-Login into sauce demo [image/png 15320 bytes]

user enters David  Dsouza  Director
  Then user enters contact details "David" and "Dsouza" and "Director" # stepdefnitions.PageFactoryLoginStepsDefinition.user_enters_contact_details_and_and(java.lang.String,java.lang.String,java.lang.String)
afterStepmethod executed..

    Embedding SC_1:-Login into sauce demo [image/png 15320 bytes]


    Embedding SC_2:-Login into sauce demo [image/png 15320 bytes]

AfterScenario method executed..

    SC_1:-Login into sauce demois failed

Close the browser 
  Then Close the browser                                               # stepdefnitions.PageFactoryLoginStepsDefinition.close_the_browser()
afterStepmethod executed..

    Embedding SC_2:-Login into sauce demo [image/png 15320 bytes]

AfterScenario method executed..

    SC_2:-Login into sauce demois failed

]]></system-out>
    <system-err><![CDATA[SLF4J(W): No SLF4J providers were found.
SLF4J(W): Defaulting to no-operation (NOP) logger implementation
SLF4J(W): See https://www.slf4j.org/codes.html#noProviders for further details.
]]></system-err>
  </testcase>
  <testcase name="runScenario[&quot;SC_2:-Login into sauce demo&quot;, &quot;Free CRM login feature with Background&quot;](2)" classname="runner.Testrunner" time="89.157"/>
  <testcase name="runScenario[&quot;SC_2:-Login into sauce demo&quot;, &quot;Free CRM login feature with Background&quot;](3)" classname="runner.Testrunner" time="0.0">
    <skipped message="no such element: Unable to locate element: {&quot;method&quot;:&quot;xpath&quot;,&quot;selector&quot;:&quot;//*[@class=&apos;app_logo&apos;]&quot;}&#10;  (Session info: chrome=123.0.6312.86)&#10;For documentation on this error, please visit: https://www.selenium.dev/documentation/webdriver/troubleshooting/errors#no-such-element-exception&#10;Build info: version: &apos;4.19.0&apos;, revision: &apos;5f9cec8963&apos;&#10;System info: os.name: &apos;Windows 10&apos;, os.arch: &apos;amd64&apos;, os.version: &apos;10.0&apos;, java.version: &apos;21.0.2&apos;&#10;Driver info: org.openqa.selenium.chrome.ChromeDriver&#10;Command: [f5d5008efb425109143999e291ccb4f5, findElement {value=//*[@class=&apos;app_logo&apos;], using=xpath}]&#10;Capabilities {acceptInsecureCerts: false, browserName: chrome, browserVersion: 123.0.6312.86, chrome: {chromedriverVersion: 123.0.6312.86 (9b72c47a0536..., userDataDir: C:\Users\Admin\AppData\Loca...}, fedcm:accounts: true, goog:chromeOptions: {debuggerAddress: localhost:51052}, networkConnectionEnabled: false, pageLoadStrategy: normal, platformName: windows, proxy: Proxy(), se:cdp: ws://localhost:51052/devtoo..., se:cdpVersion: 123.0.6312.86, setWindowRect: true, strictFileInteractability: false, timeouts: {implicit: 0, pageLoad: 300000, script: 30000}, unhandledPromptBehavior: dismiss and notify, webauthn:extension:credBlob: true, webauthn:extension:largeBlob: true, webauthn:extension:minPinLength: true, webauthn:extension:prf: true, webauthn:virtualAuthenticators: true}&#10;Session ID: f5d5008efb425109143999e291ccb4f5"/>
  </testcase>
  <testcase name="runScenario[&quot;Free CRM login test Sceanrio&quot;, &quot;Free CRM login feature without Background&quot;](4)" classname="runner.Testrunner" time="0.0"/>
  <testcase name="runScenario[&quot;SC_1:-Login into sauce demo&quot;, &quot;Free CRM login feature with Background&quot;](5)" classname="runner.Testrunner" time="0.0"/>
  <testcase name="runScenario[&quot;Free CRM login test Sceanrio&quot;, &quot;Free CRM login feature without Background&quot;](6)" classname="runner.Testrunner" time="0.001"/>
  <testcase name="runScenario[&quot;SC_1:-Login into sauce demo&quot;, &quot;Free CRM login feature with Background&quot;](7)" classname="runner.Testrunner" time="0.0">
    <skipped message="no such element: Unable to locate element: {&quot;method&quot;:&quot;xpath&quot;,&quot;selector&quot;:&quot;//*[@class=&apos;app_logo&apos;]&quot;}&#10;  (Session info: chrome=123.0.6312.86)&#10;For documentation on this error, please visit: https://www.selenium.dev/documentation/webdriver/troubleshooting/errors#no-such-element-exception&#10;Build info: version: &apos;4.19.0&apos;, revision: &apos;5f9cec8963&apos;&#10;System info: os.name: &apos;Windows 10&apos;, os.arch: &apos;amd64&apos;, os.version: &apos;10.0&apos;, java.version: &apos;21.0.2&apos;&#10;Driver info: org.openqa.selenium.chrome.ChromeDriver&#10;Command: [4e783ba5f4c802678aeed660866e5e47, findElement {value=//*[@class=&apos;app_logo&apos;], using=xpath}]&#10;Capabilities {acceptInsecureCerts: false, browserName: chrome, browserVersion: 123.0.6312.86, chrome: {chromedriverVersion: 123.0.6312.86 (9b72c47a0536..., userDataDir: C:\Users\Admin\AppData\Loca...}, fedcm:accounts: true, goog:chromeOptions: {debuggerAddress: localhost:51053}, networkConnectionEnabled: false, pageLoadStrategy: normal, platformName: windows, proxy: Proxy(), se:cdp: ws://localhost:51053/devtoo..., se:cdpVersion: 123.0.6312.86, setWindowRect: true, strictFileInteractability: false, timeouts: {implicit: 0, pageLoad: 300000, script: 30000}, unhandledPromptBehavior: dismiss and notify, webauthn:extension:credBlob: true, webauthn:extension:largeBlob: true, webauthn:extension:minPinLength: true, webauthn:extension:prf: true, webauthn:virtualAuthenticators: true}&#10;Session ID: 4e783ba5f4c802678aeed660866e5e47"/>
    <system-out><![CDATA[
Scenario Outline: SC_2:-Login into sauce demo                          # src/test/resources/features/Background.feature:32
browser value is: chrome
]]></system-out>
  </testcase>
  <testcase name="runScenario[&quot;SC_1:-Login into sauce demo&quot;, &quot;Free CRM login feature with Background&quot;](8)" classname="runner.Testrunner" time="17.005">
    <failure message="no such element: Unable to locate element: {&quot;method&quot;:&quot;xpath&quot;,&quot;selector&quot;:&quot;//*[@class=&apos;app_logo&apos;]&quot;}&#10;  (Session info: chrome=123.0.6312.86)&#10;For documentation on this error, please visit: https://www.selenium.dev/documentation/webdriver/troubleshooting/errors#no-such-element-exception&#10;Build info: version: &apos;4.19.0&apos;, revision: &apos;5f9cec8963&apos;&#10;System info: os.name: &apos;Windows 10&apos;, os.arch: &apos;amd64&apos;, os.version: &apos;10.0&apos;, java.version: &apos;21.0.2&apos;&#10;Driver info: org.openqa.selenium.chrome.ChromeDriver&#10;Command: [ec872ab08b65c201b0a15a65aae0eecf, findElement {value=//*[@class=&apos;app_logo&apos;], using=xpath}]&#10;Capabilities {acceptInsecureCerts: false, browserName: chrome, browserVersion: 123.0.6312.86, chrome: {chromedriverVersion: 123.0.6312.86 (9b72c47a0536..., userDataDir: C:\Users\Admin\AppData\Loca...}, fedcm:accounts: true, goog:chromeOptions: {debuggerAddress: localhost:51402}, networkConnectionEnabled: false, pageLoadStrategy: normal, platformName: windows, proxy: Proxy(), se:cdp: ws://localhost:51402/devtoo..., se:cdpVersion: 123.0.6312.86, setWindowRect: true, strictFileInteractability: false, timeouts: {implicit: 0, pageLoad: 300000, script: 30000}, unhandledPromptBehavior: dismiss and notify, webauthn:extension:credBlob: true, webauthn:extension:largeBlob: true, webauthn:extension:minPinLength: true, webauthn:extension:prf: true, webauthn:virtualAuthenticators: true}&#10;Session ID: ec872ab08b65c201b0a15a65aae0eecf" type="org.openqa.selenium.NoSuchElementException"><![CDATA[org.openqa.selenium.NoSuchElementException: 
no such element: Unable to locate element: {"method":"xpath","selector":"//*[@class='app_logo']"}
  (Session info: chrome=123.0.6312.86)
For documentation on this error, please visit: https://www.selenium.dev/documentation/webdriver/troubleshooting/errors#no-such-element-exception
Build info: version: '4.19.0', revision: '5f9cec8963'
System info: os.name: 'Windows 10', os.arch: 'amd64', os.version: '10.0', java.version: '21.0.2'
Driver info: org.openqa.selenium.chrome.ChromeDriver
Command: [ec872ab08b65c201b0a15a65aae0eecf, findElement {value=//*[@class='app_logo'], using=xpath}]
Capabilities {acceptInsecureCerts: false, browserName: chrome, browserVersion: 123.0.6312.86, chrome: {chromedriverVersion: 123.0.6312.86 (9b72c47a0536..., userDataDir: C:\Users\Admin\AppData\Loca...}, fedcm:accounts: true, goog:chromeOptions: {debuggerAddress: localhost:51402}, networkConnectionEnabled: false, pageLoadStrategy: normal, platformName: windows, proxy: Proxy(), se:cdp: ws://localhost:51402/devtoo..., se:cdpVersion: 123.0.6312.86, setWindowRect: true, strictFileInteractability: false, timeouts: {implicit: 0, pageLoad: 300000, script: 30000}, unhandledPromptBehavior: dismiss and notify, webauthn:extension:credBlob: true, webauthn:extension:largeBlob: true, webauthn:extension:minPinLength: true, webauthn:extension:prf: true, webauthn:virtualAuthenticators: true}
Session ID: ec872ab08b65c201b0a15a65aae0eecf
	at java.base/jdk.internal.reflect.DirectConstructorHandleAccessor.newInstance(DirectConstructorHandleAccessor.java:62)
	at java.base/java.lang.reflect.Constructor.newInstanceWithCaller(Constructor.java:502)
	at java.base/java.lang.reflect.Constructor.newInstance(Constructor.java:486)
	at org.openqa.selenium.remote.ErrorCodec.decode(ErrorCodec.java:167)
	at org.openqa.selenium.remote.codec.w3c.W3CHttpResponseCodec.decode(W3CHttpResponseCodec.java:138)
	at org.openqa.selenium.remote.codec.w3c.W3CHttpResponseCodec.decode(W3CHttpResponseCodec.java:50)
	at org.openqa.selenium.remote.HttpCommandExecutor.execute(HttpCommandExecutor.java:190)
	at org.openqa.selenium.remote.service.DriverCommandExecutor.invokeExecute(DriverCommandExecutor.java:216)
	at org.openqa.selenium.remote.service.DriverCommandExecutor.execute(DriverCommandExecutor.java:174)
	at org.openqa.selenium.remote.RemoteWebDriver.execute(RemoteWebDriver.java:518)
	at org.openqa.selenium.remote.ElementLocation$ElementFinder$2.findElement(ElementLocation.java:165)
	at org.openqa.selenium.remote.ElementLocation.findElement(ElementLocation.java:59)
	at org.openqa.selenium.remote.RemoteWebDriver.findElement(RemoteWebDriver.java:355)
	at org.openqa.selenium.remote.RemoteWebDriver.findElement(RemoteWebDriver.java:349)
	at org.openqa.selenium.support.pagefactory.DefaultElementLocator.findElement(DefaultElementLocator.java:68)
	at org.openqa.selenium.support.pagefactory.internal.LocatingElementHandler.invoke(LocatingElementHandler.java:38)
	at jdk.proxy2/jdk.proxy2.$Proxy27.isDisplayed(Unknown Source)
	at pageFactory.LoginPageFactory.isAppLogoDisplayed(LoginPageFactory.java:52)
	at stepdefnitions.PageFactoryLoginStepsDefinition.user_is_on_home_page(PageFactoryLoginStepsDefinition.java:65)
	at ✽.user is on home page(file:///C:/Users/Admin/eclipse-workspace/cucmbervikashmarch/src/test/resources/features/Background.feature:10)
]]></failure>
    <system-out><![CDATA[
Scenario Outline: SC_1:-Login into sauce demo                      # src/test/resources/features/Background.feature:18
browser value is: chrome
thread id :-31
thread id :-29
user is already on login page
  Given user is already on login page                                  # stepdefnitions.PageFactoryLoginStepsDefinition.user_is_already_on_login_page()
user is already on login page
afterStepmethod executed..
  Given user is already on login page                              # stepdefnitions.PageFactoryLoginStepsDefinition.user_is_already_on_login_page()
afterStepmethod executed..

    Embedding SC_1:-Login into sauce demo [image/png 9010 bytes]

title of login page is Free CRM
  When title of login page is Free CRM                             # stepdefnitions.PageFactoryLoginStepsDefinition.title_of_login_page_is_Free_CRM()
afterStepmethod executed..

    Embedding SC_2:-Login into sauce demo [image/png 9010 bytes]

title of login page is Free CRM
  When title of login page is Free CRM                                 # stepdefnitions.PageFactoryLoginStepsDefinition.title_of_login_page_is_Free_CRM()
afterStepmethod executed..

    Embedding SC_1:-Login into sauce demo [image/png 9010 bytes]


    Embedding SC_2:-Login into sauce demo [image/png 9010 bytes]

user enters standard_user1  secret_sauce
  Given user enters "standard_user1" and "secret_sauce"            # stepdefnitions.PageFactoryLoginStepsDefinition.user_enters_and(java.lang.String,java.lang.String)
afterStepmethod executed..
user enters problem_user1  secret_sauce
  Given user enters "problem_user1" and "secret_sauce"                 # stepdefnitions.PageFactoryLoginStepsDefinition.user_enters_and(java.lang.String,java.lang.String)
afterStepmethod executed..

    Embedding SC_1:-Login into sauce demo [image/png 8925 bytes]


    Embedding SC_2:-Login into sauce demo [image/png 8913 bytes]

user_clicks_on_login_button 
  Then user clicks on login button                                 # stepdefnitions.PageFactoryLoginStepsDefinition.user_clicks_on_login_button()
afterStepmethod executed..

    Embedding SC_1:-Login into sauce demo [image/png 11790 bytes]

user_clicks_on_login_button 
  Then user is on home page                                        # stepdefnitions.PageFactoryLoginStepsDefinition.user_is_on_home_page()
      org.openqa.selenium.NoSuchElementException: no such element: Unable to locate element: {"method":"xpath","selector":"//*[@class='app_logo']"}
  (Session info: chrome=123.0.6312.86)
For documentation on this error, please visit: https://www.selenium.dev/documentation/webdriver/troubleshooting/errors#no-such-element-exception
Build info: version: '4.19.0', revision: '5f9cec8963'
System info: os.name: 'Windows 10', os.arch: 'amd64', os.version: '10.0', java.version: '21.0.2'
Driver info: org.openqa.selenium.chrome.ChromeDriver
Command: [ec872ab08b65c201b0a15a65aae0eecf, findElement {value=//*[@class='app_logo'], using=xpath}]
Capabilities {acceptInsecureCerts: false, browserName: chrome, browserVersion: 123.0.6312.86, chrome: {chromedriverVersion: 123.0.6312.86 (9b72c47a0536..., userDataDir: C:\Users\Admin\AppData\Loca...}, fedcm:accounts: true, goog:chromeOptions: {debuggerAddress: localhost:51402}, networkConnectionEnabled: false, pageLoadStrategy: normal, platformName: windows, proxy: Proxy(), se:cdp: ws://localhost:51402/devtoo..., se:cdpVersion: 123.0.6312.86, setWindowRect: true, strictFileInteractability: false, timeouts: {implicit: 0, pageLoad: 300000, script: 30000}, unhandledPromptBehavior: dismiss and notify, webauthn:extension:credBlob: true, webauthn:extension:largeBlob: true, webauthn:extension:minPinLength: true, webauthn:extension:prf: true, webauthn:virtualAuthenticators: true}
Session ID: ec872ab08b65c201b0a15a65aae0eecf
	at java.base/jdk.internal.reflect.DirectConstructorHandleAccessor.newInstance(DirectConstructorHandleAccessor.java:62)
	at java.base/java.lang.reflect.Constructor.newInstanceWithCaller(Constructor.java:502)
	at java.base/java.lang.reflect.Constructor.newInstance(Constructor.java:486)
	at org.openqa.selenium.remote.ErrorCodec.decode(ErrorCodec.java:167)
	at org.openqa.selenium.remote.codec.w3c.W3CHttpResponseCodec.decode(W3CHttpResponseCodec.java:138)
	at org.openqa.selenium.remote.codec.w3c.W3CHttpResponseCodec.decode(W3CHttpResponseCodec.java:50)
	at org.openqa.selenium.remote.HttpCommandExecutor.execute(HttpCommandExecutor.java:190)
	at org.openqa.selenium.remote.service.DriverCommandExecutor.invokeExecute(DriverCommandExecutor.java:216)
	at org.openqa.selenium.remote.service.DriverCommandExecutor.execute(DriverCommandExecutor.java:174)
	at org.openqa.selenium.remote.RemoteWebDriver.execute(RemoteWebDriver.java:518)
	at org.openqa.selenium.remote.ElementLocation$ElementFinder$2.findElement(ElementLocation.java:165)
	at org.openqa.selenium.remote.ElementLocation.findElement(ElementLocation.java:59)
	at org.openqa.selenium.remote.RemoteWebDriver.findElement(RemoteWebDriver.java:355)
	at org.openqa.selenium.remote.RemoteWebDriver.findElement(RemoteWebDriver.java:349)
	at org.openqa.selenium.support.pagefactory.DefaultElementLocator.findElement(DefaultElementLocator.java:68)
	at org.openqa.selenium.support.pagefactory.internal.LocatingElementHandler.invoke(LocatingElementHandler.java:38)
	at jdk.proxy2/jdk.proxy2.$Proxy27.isDisplayed(Unknown Source)
	at pageFactory.LoginPageFactory.isAppLogoDisplayed(LoginPageFactory.java:52)
	at stepdefnitions.PageFactoryLoginStepsDefinition.user_is_on_home_page(PageFactoryLoginStepsDefinition.java:65)
	at ✽.user is on home page(file:///C:/Users/Admin/eclipse-workspace/cucmbervikashmarch/src/test/resources/features/Background.feature:10)

  Then user clicks on login button                                     # stepdefnitions.PageFactoryLoginStepsDefinition.user_clicks_on_login_button()
afterStepmethod executed..
afterStepmethod executed..

    Embedding SC_2:-Login into sauce demo [image/png 11789 bytes]


    Embedding SC_1:-Login into sauce demo [image/png 11790 bytes]

  Then user add backback page                                      # stepdefnitions.PageFactoryLoginStepsDefinition.user_add_backback_page()
  Then verify product added in the cart                            # stepdefnitions.PageFactoryLoginStepsDefinition.verify_product_added_in_the_cart()
  Then user enters contact details "Tom" and "Peter" and "Manager" # stepdefnitions.PageFactoryLoginStepsDefinition.user_enters_contact_details_and_and(java.lang.String,java.lang.String,java.lang.String)
  Then Close the browser                                           # stepdefnitions.PageFactoryLoginStepsDefinition.close_the_browser()
AfterScenario method executed..
  Then user is on home page                                            # stepdefnitions.PageFactoryLoginStepsDefinition.user_is_on_home_page()
      org.openqa.selenium.NoSuchElementException: no such element: Unable to locate element: {"method":"xpath","selector":"//*[@class='app_logo']"}
  (Session info: chrome=123.0.6312.86)
For documentation on this error, please visit: https://www.selenium.dev/documentation/webdriver/troubleshooting/errors#no-such-element-exception
Build info: version: '4.19.0', revision: '5f9cec8963'
System info: os.name: 'Windows 10', os.arch: 'amd64', os.version: '10.0', java.version: '21.0.2'
Driver info: org.openqa.selenium.chrome.ChromeDriver
Command: [ec5b96985c2a345201ed77fbbc52d449, findElement {value=//*[@class='app_logo'], using=xpath}]
Capabilities {acceptInsecureCerts: false, browserName: chrome, browserVersion: 123.0.6312.86, chrome: {chromedriverVersion: 123.0.6312.86 (9b72c47a0536..., userDataDir: C:\Users\Admin\AppData\Loca...}, fedcm:accounts: true, goog:chromeOptions: {debuggerAddress: localhost:51403}, networkConnectionEnabled: false, pageLoadStrategy: normal, platformName: windows, proxy: Proxy(), se:cdp: ws://localhost:51403/devtoo..., se:cdpVersion: 123.0.6312.86, setWindowRect: true, strictFileInteractability: false, timeouts: {implicit: 0, pageLoad: 300000, script: 30000}, unhandledPromptBehavior: dismiss and notify, webauthn:extension:credBlob: true, webauthn:extension:largeBlob: true, webauthn:extension:minPinLength: true, webauthn:extension:prf: true, webauthn:virtualAuthenticators: true}
Session ID: ec5b96985c2a345201ed77fbbc52d449
	at java.base/jdk.internal.reflect.DirectConstructorHandleAccessor.newInstance(DirectConstructorHandleAccessor.java:62)
	at java.base/java.lang.reflect.Constructor.newInstanceWithCaller(Constructor.java:502)
	at java.base/java.lang.reflect.Constructor.newInstance(Constructor.java:486)
	at org.openqa.selenium.remote.ErrorCodec.decode(ErrorCodec.java:167)
	at org.openqa.selenium.remote.codec.w3c.W3CHttpResponseCodec.decode(W3CHttpResponseCodec.java:138)
	at org.openqa.selenium.remote.codec.w3c.W3CHttpResponseCodec.decode(W3CHttpResponseCodec.java:50)
	at org.openqa.selenium.remote.HttpCommandExecutor.execute(HttpCommandExecutor.java:190)
	at org.openqa.selenium.remote.service.DriverCommandExecutor.invokeExecute(DriverCommandExecutor.java:216)
	at org.openqa.selenium.remote.service.DriverCommandExecutor.execute(DriverCommandExecutor.java:174)
	at org.openqa.selenium.remote.RemoteWebDriver.execute(RemoteWebDriver.java:518)
	at org.openqa.selenium.remote.ElementLocation$ElementFinder$2.findElement(ElementLocation.java:165)
	at org.openqa.selenium.remote.ElementLocation.findElement(ElementLocation.java:59)
	at org.openqa.selenium.remote.RemoteWebDriver.findElement(RemoteWebDriver.java:355)
	at org.openqa.selenium.remote.RemoteWebDriver.findElement(RemoteWebDriver.java:349)
	at org.openqa.selenium.support.pagefactory.DefaultElementLocator.findElement(DefaultElementLocator.java:68)
	at org.openqa.selenium.support.pagefactory.internal.LocatingElementHandler.invoke(LocatingElementHandler.java:38)
	at jdk.proxy2/jdk.proxy2.$Proxy27.isDisplayed(Unknown Source)
	at pageFactory.LoginPageFactory.isAppLogoDisplayed(LoginPageFactory.java:52)
	at stepdefnitions.PageFactoryLoginStepsDefinition.user_is_on_home_page(PageFactoryLoginStepsDefinition.java:65)
	at ✽.user is on home page(file:///C:/Users/Admin/eclipse-workspace/cucmbervikashmarch/src/test/resources/features/Background.feature:24)

afterStepmethod executed..

    Embedding SC_2:-Login into sauce demo [image/png 11789 bytes]

  Then user add backback page                                          # stepdefnitions.PageFactoryLoginStepsDefinition.user_add_backback_page()
  Then verify product added in the cart                                # stepdefnitions.PageFactoryLoginStepsDefinition.verify_product_added_in_the_cart()
  Then user enters contact details "Tommy" and "Dsouza" and "Director" # stepdefnitions.PageFactoryLoginStepsDefinition.user_enters_contact_details_and_and(java.lang.String,java.lang.String,java.lang.String)
  Then Close the browser                                               # stepdefnitions.PageFactoryLoginStepsDefinition.close_the_browser()
AfterScenario method executed..
]]></system-out>
  </testcase>
  <testcase name="runScenario[&quot;SC_2:-Login into sauce demo&quot;, &quot;Free CRM login feature with Background&quot;](9)" classname="runner.Testrunner" time="17.013">
    <failure message="no such element: Unable to locate element: {&quot;method&quot;:&quot;xpath&quot;,&quot;selector&quot;:&quot;//*[@class=&apos;app_logo&apos;]&quot;}&#10;  (Session info: chrome=123.0.6312.86)&#10;For documentation on this error, please visit: https://www.selenium.dev/documentation/webdriver/troubleshooting/errors#no-such-element-exception&#10;Build info: version: &apos;4.19.0&apos;, revision: &apos;5f9cec8963&apos;&#10;System info: os.name: &apos;Windows 10&apos;, os.arch: &apos;amd64&apos;, os.version: &apos;10.0&apos;, java.version: &apos;21.0.2&apos;&#10;Driver info: org.openqa.selenium.chrome.ChromeDriver&#10;Command: [ec5b96985c2a345201ed77fbbc52d449, findElement {value=//*[@class=&apos;app_logo&apos;], using=xpath}]&#10;Capabilities {acceptInsecureCerts: false, browserName: chrome, browserVersion: 123.0.6312.86, chrome: {chromedriverVersion: 123.0.6312.86 (9b72c47a0536..., userDataDir: C:\Users\Admin\AppData\Loca...}, fedcm:accounts: true, goog:chromeOptions: {debuggerAddress: localhost:51403}, networkConnectionEnabled: false, pageLoadStrategy: normal, platformName: windows, proxy: Proxy(), se:cdp: ws://localhost:51403/devtoo..., se:cdpVersion: 123.0.6312.86, setWindowRect: true, strictFileInteractability: false, timeouts: {implicit: 0, pageLoad: 300000, script: 30000}, unhandledPromptBehavior: dismiss and notify, webauthn:extension:credBlob: true, webauthn:extension:largeBlob: true, webauthn:extension:minPinLength: true, webauthn:extension:prf: true, webauthn:virtualAuthenticators: true}&#10;Session ID: ec5b96985c2a345201ed77fbbc52d449" type="org.openqa.selenium.NoSuchElementException"><![CDATA[org.openqa.selenium.NoSuchElementException: 
no such element: Unable to locate element: {"method":"xpath","selector":"//*[@class='app_logo']"}
  (Session info: chrome=123.0.6312.86)
For documentation on this error, please visit: https://www.selenium.dev/documentation/webdriver/troubleshooting/errors#no-such-element-exception
Build info: version: '4.19.0', revision: '5f9cec8963'
System info: os.name: 'Windows 10', os.arch: 'amd64', os.version: '10.0', java.version: '21.0.2'
Driver info: org.openqa.selenium.chrome.ChromeDriver
Command: [ec5b96985c2a345201ed77fbbc52d449, findElement {value=//*[@class='app_logo'], using=xpath}]
Capabilities {acceptInsecureCerts: false, browserName: chrome, browserVersion: 123.0.6312.86, chrome: {chromedriverVersion: 123.0.6312.86 (9b72c47a0536..., userDataDir: C:\Users\Admin\AppData\Loca...}, fedcm:accounts: true, goog:chromeOptions: {debuggerAddress: localhost:51403}, networkConnectionEnabled: false, pageLoadStrategy: normal, platformName: windows, proxy: Proxy(), se:cdp: ws://localhost:51403/devtoo..., se:cdpVersion: 123.0.6312.86, setWindowRect: true, strictFileInteractability: false, timeouts: {implicit: 0, pageLoad: 300000, script: 30000}, unhandledPromptBehavior: dismiss and notify, webauthn:extension:credBlob: true, webauthn:extension:largeBlob: true, webauthn:extension:minPinLength: true, webauthn:extension:prf: true, webauthn:virtualAuthenticators: true}
Session ID: ec5b96985c2a345201ed77fbbc52d449
	at java.base/jdk.internal.reflect.DirectConstructorHandleAccessor.newInstance(DirectConstructorHandleAccessor.java:62)
	at java.base/java.lang.reflect.Constructor.newInstanceWithCaller(Constructor.java:502)
	at java.base/java.lang.reflect.Constructor.newInstance(Constructor.java:486)
	at org.openqa.selenium.remote.ErrorCodec.decode(ErrorCodec.java:167)
	at org.openqa.selenium.remote.codec.w3c.W3CHttpResponseCodec.decode(W3CHttpResponseCodec.java:138)
	at org.openqa.selenium.remote.codec.w3c.W3CHttpResponseCodec.decode(W3CHttpResponseCodec.java:50)
	at org.openqa.selenium.remote.HttpCommandExecutor.execute(HttpCommandExecutor.java:190)
	at org.openqa.selenium.remote.service.DriverCommandExecutor.invokeExecute(DriverCommandExecutor.java:216)
	at org.openqa.selenium.remote.service.DriverCommandExecutor.execute(DriverCommandExecutor.java:174)
	at org.openqa.selenium.remote.RemoteWebDriver.execute(RemoteWebDriver.java:518)
	at org.openqa.selenium.remote.ElementLocation$ElementFinder$2.findElement(ElementLocation.java:165)
	at org.openqa.selenium.remote.ElementLocation.findElement(ElementLocation.java:59)
	at org.openqa.selenium.remote.RemoteWebDriver.findElement(RemoteWebDriver.java:355)
	at org.openqa.selenium.remote.RemoteWebDriver.findElement(RemoteWebDriver.java:349)
	at org.openqa.selenium.support.pagefactory.DefaultElementLocator.findElement(DefaultElementLocator.java:68)
	at org.openqa.selenium.support.pagefactory.internal.LocatingElementHandler.invoke(LocatingElementHandler.java:38)
	at jdk.proxy2/jdk.proxy2.$Proxy27.isDisplayed(Unknown Source)
	at pageFactory.LoginPageFactory.isAppLogoDisplayed(LoginPageFactory.java:52)
	at stepdefnitions.PageFactoryLoginStepsDefinition.user_is_on_home_page(PageFactoryLoginStepsDefinition.java:65)
	at ✽.user is on home page(file:///C:/Users/Admin/eclipse-workspace/cucmbervikashmarch/src/test/resources/features/Background.feature:24)
]]></failure>
  </testcase>
</testsuite>