<?xml version="1.0" encoding="UTF-8"?>
<testsuite xmlns:xsi="http://www.w3.org/2001/XMLSchema-instance" xsi:noNamespaceSchemaLocation="https://maven.apache.org/surefire/maven-surefire-plugin/xsd/surefire-test-report-3.0.xsd" version="3.0" name="TestSuite" time="93.159" tests="7" errors="0" skipped="0" failures="0">
  <properties>
[...]
</properties>
  <testcase name="runScenario[&quot;Login into sauce demo&quot;, &quot;Free CRM login feature&quot;](1)" classname="runner.Testrunner" time="16.158">
    <system-out><![CDATA[
Scenario Outline: Login into sauce demo                            # src/test/resources/features/Background.feature:18
user is already on login page
  Given user is already on login page                              # stepdefnitions.PageFactoryLoginStepsDefinition.user_is_already_on_login_page()
Tear Down method executed..

    Embedding Login into sauce demo [image/png 7789 bytes]

title of login page is Free CRM
  When title of login page is Free CRM                             # stepdefnitions.PageFactoryLoginStepsDefinition.title_of_login_page_is_Free_CRM()
Tear Down method executed..

    Embedding Login into sauce demo [image/png 7789 bytes]

user enters standard_user  secret_sauce
  Given user enters "standard_user" and "secret_sauce"             # stepdefnitions.PageFactoryLoginStepsDefinition.user_enters_and(java.lang.String,java.lang.String)
Tear Down method executed..

    Embedding Login into sauce demo [image/png 7676 bytes]

user_clicks_on_login_button 
  Then user clicks on login button                                 # stepdefnitions.PageFactoryLoginStepsDefinition.user_clicks_on_login_button()
Tear Down method executed..

    Embedding Login into sauce demo [image/png 70949 bytes]

user is on home page 
  Then user is on home page                                        # stepdefnitions.PageFactoryLoginStepsDefinition.user_is_on_home_page()
Tear Down method executed..

    Embedding Login into sauce demo [image/png 70949 bytes]

  Then user add backback page                                      # stepdefnitions.PageFactoryLoginStepsDefinition.user_add_backback_page()
Tear Down method executed..

    Embedding Login into sauce demo [image/png 71143 bytes]

cart_quantity is : 1
  Then verify product added in the cart                            # stepdefnitions.PageFactoryLoginStepsDefinition.verify_product_added_in_the_cart()
Tear Down method executed..

    Embedding Login into sauce demo [image/png 11318 bytes]

user enters Tom  Peter  Manager
  Then user enters contact details "Tom" and "Peter" and "Manager" # stepdefnitions.PageFactoryLoginStepsDefinition.user_enters_contact_details_and_and(java.lang.String,java.lang.String,java.lang.String)
Tear Down method executed..

    Embedding Login into sauce demo [image/png 11318 bytes]

Close the browser 
  Then Close the browser                                           # stepdefnitions.PageFactoryLoginStepsDefinition.close_the_browser()
Tear Down method executed..

    Embedding Login into sauce demo [image/png 11318 bytes]

Tear Down method executed..
]]></system-out>
    <system-err><![CDATA[SLF4J: Failed to load class "org.slf4j.impl.StaticLoggerBinder".
SLF4J: Defaulting to no-operation (NOP) logger implementation
SLF4J: See http://www.slf4j.org/codes.html#StaticLoggerBinder for further details.
]]></system-err>
  </testcase>
  <testcase name="runScenario[&quot;Login into sauce demo&quot;, &quot;Free CRM login feature&quot;](2)" classname="runner.Testrunner" time="11.996">
    <system-out><![CDATA[
Scenario Outline: Login into sauce demo                                # src/test/resources/features/Background.feature:19
user is already on login page
  Given user is already on login page                                  # stepdefnitions.PageFactoryLoginStepsDefinition.user_is_already_on_login_page()
Tear Down method executed..

    Embedding Login into sauce demo [image/png 7789 bytes]

title of login page is Free CRM
  When title of login page is Free CRM                                 # stepdefnitions.PageFactoryLoginStepsDefinition.title_of_login_page_is_Free_CRM()
Tear Down method executed..

    Embedding Login into sauce demo [image/png 7789 bytes]

user enters problem_user  secret_sauce
  Given user enters "problem_user" and "secret_sauce"                  # stepdefnitions.PageFactoryLoginStepsDefinition.user_enters_and(java.lang.String,java.lang.String)
Tear Down method executed..

    Embedding Login into sauce demo [image/png 7664 bytes]

user_clicks_on_login_button 
  Then user clicks on login button                                     # stepdefnitions.PageFactoryLoginStepsDefinition.user_clicks_on_login_button()
Tear Down method executed..

    Embedding Login into sauce demo [image/png 224143 bytes]

user is on home page 
  Then user is on home page                                            # stepdefnitions.PageFactoryLoginStepsDefinition.user_is_on_home_page()
Tear Down method executed..

    Embedding Login into sauce demo [image/png 224143 bytes]

  Then user add backback page                                          # stepdefnitions.PageFactoryLoginStepsDefinition.user_add_backback_page()
Tear Down method executed..

    Embedding Login into sauce demo [image/png 224405 bytes]

cart_quantity is : 1
  Then verify product added in the cart                                # stepdefnitions.PageFactoryLoginStepsDefinition.verify_product_added_in_the_cart()
Tear Down method executed..

    Embedding Login into sauce demo [image/png 11318 bytes]

user enters Tommy  Dsouza  Director
  Then user enters contact details "Tommy" and "Dsouza" and "Director" # stepdefnitions.PageFactoryLoginStepsDefinition.user_enters_contact_details_and_and(java.lang.String,java.lang.String,java.lang.String)
Tear Down method executed..

    Embedding Login into sauce demo [image/png 11318 bytes]

Close the browser 
  Then Close the browser                                               # stepdefnitions.PageFactoryLoginStepsDefinition.close_the_browser()
Tear Down method executed..

    Embedding Login into sauce demo [image/png 11318 bytes]

Tear Down method executed..
]]></system-out>
  </testcase>
  <testcase name="runScenario[&quot;Login into sauce demo&quot;, &quot;Free CRM login feature&quot;](3)" classname="runner.Testrunner" time="16.603">
    <system-out><![CDATA[
Scenario Outline: Login into sauce demo                                # src/test/resources/features/Background.feature:20
user is already on login page
  Given user is already on login page                                  # stepdefnitions.PageFactoryLoginStepsDefinition.user_is_already_on_login_page()
Tear Down method executed..

    Embedding Login into sauce demo [image/png 7789 bytes]

title of login page is Free CRM
  When title of login page is Free CRM                                 # stepdefnitions.PageFactoryLoginStepsDefinition.title_of_login_page_is_Free_CRM()
Tear Down method executed..

    Embedding Login into sauce demo [image/png 7789 bytes]

user enters performance_glitch_user  secret_sauce
  Given user enters "performance_glitch_user" and "secret_sauce"       # stepdefnitions.PageFactoryLoginStepsDefinition.user_enters_and(java.lang.String,java.lang.String)
Tear Down method executed..

    Embedding Login into sauce demo [image/png 7811 bytes]

user_clicks_on_login_button 
  Then user clicks on login button                                     # stepdefnitions.PageFactoryLoginStepsDefinition.user_clicks_on_login_button()
Tear Down method executed..

    Embedding Login into sauce demo [image/png 70949 bytes]

user is on home page 
  Then user is on home page                                            # stepdefnitions.PageFactoryLoginStepsDefinition.user_is_on_home_page()
Tear Down method executed..

    Embedding Login into sauce demo [image/png 70949 bytes]

  Then user add backback page                                          # stepdefnitions.PageFactoryLoginStepsDefinition.user_add_backback_page()
Tear Down method executed..

    Embedding Login into sauce demo [image/png 71143 bytes]

cart_quantity is : 1
  Then verify product added in the cart                                # stepdefnitions.PageFactoryLoginStepsDefinition.verify_product_added_in_the_cart()
Tear Down method executed..

    Embedding Login into sauce demo [image/png 11318 bytes]

user enters David  Dsouza  Director
  Then user enters contact details "David" and "Dsouza" and "Director" # stepdefnitions.PageFactoryLoginStepsDefinition.user_enters_contact_details_and_and(java.lang.String,java.lang.String,java.lang.String)
Tear Down method executed..

    Embedding Login into sauce demo [image/png 11318 bytes]

Close the browser 
  Then Close the browser                                               # stepdefnitions.PageFactoryLoginStepsDefinition.close_the_browser()
Tear Down method executed..

    Embedding Login into sauce demo [image/png 11318 bytes]

Tear Down method executed..
]]></system-out>
  </testcase>
  <testcase name="runScenario[&quot;Free CRM login test Sceanrio&quot;, &quot;Free CRM login feature&quot;](4)" classname="runner.Testrunner" time="11.323">
    <system-out><![CDATA[
Scenario Outline: Free CRM login test Sceanrio                     # src/test/resources/features/login2.feature:16
user is already on login page
  Given user is already on login page                              # stepdefnitions.PageFactoryLoginStepsDefinition.user_is_already_on_login_page()
Tear Down method executed..

    Embedding Free CRM login test Sceanrio [image/png 7789 bytes]

title of login page is Free CRM
  When title of login page is Free CRM                             # stepdefnitions.PageFactoryLoginStepsDefinition.title_of_login_page_is_Free_CRM()
Tear Down method executed..

    Embedding Free CRM login test Sceanrio [image/png 7789 bytes]

user enters standard_user  secret_sauce
  Then user enters "standard_user" and "secret_sauce"              # stepdefnitions.PageFactoryLoginStepsDefinition.user_enters_and(java.lang.String,java.lang.String)
Tear Down method executed..

    Embedding Free CRM login test Sceanrio [image/png 7676 bytes]

user_clicks_on_login_button 
  Then user clicks on login button                                 # stepdefnitions.PageFactoryLoginStepsDefinition.user_clicks_on_login_button()
Tear Down method executed..

    Embedding Free CRM login test Sceanrio [image/png 70949 bytes]

user is on home page 
  Then user is on home page                                        # stepdefnitions.PageFactoryLoginStepsDefinition.user_is_on_home_page()
Tear Down method executed..

    Embedding Free CRM login test Sceanrio [image/png 70949 bytes]

user moves to new contact page 
  Then user moves to new contact page                              # stepdefnitions.PageFactoryLoginStepsDefinition.user_moves_to_new_contact_page()
Tear Down method executed..

    Embedding Free CRM login test Sceanrio [image/png 70949 bytes]

user enters Tom  Peter  Manager
  Then user enters contact details "Tom" and "Peter" and "Manager" # stepdefnitions.PageFactoryLoginStepsDefinition.user_enters_contact_details_and_and(java.lang.String,java.lang.String,java.lang.String)
Tear Down method executed..

    Embedding Free CRM login test Sceanrio [image/png 70949 bytes]

Close the browser 
  Then Close the browser                                           # stepdefnitions.PageFactoryLoginStepsDefinition.close_the_browser()
Tear Down method executed..

    Embedding Free CRM login test Sceanrio [image/png 70949 bytes]

Tear Down method executed..
]]></system-out>
  </testcase>
  <testcase name="runScenario[&quot;Free CRM login test Sceanrio&quot;, &quot;Free CRM login feature&quot;](5)" classname="runner.Testrunner" time="11.318">
    <system-out><![CDATA[
Scenario Outline: Free CRM login test Sceanrio                         # src/test/resources/features/login2.feature:17
user is already on login page
  Given user is already on login page                                  # stepdefnitions.PageFactoryLoginStepsDefinition.user_is_already_on_login_page()
Tear Down method executed..

    Embedding Free CRM login test Sceanrio [image/png 7789 bytes]

title of login page is Free CRM
  When title of login page is Free CRM                                 # stepdefnitions.PageFactoryLoginStepsDefinition.title_of_login_page_is_Free_CRM()
Tear Down method executed..

    Embedding Free CRM login test Sceanrio [image/png 7789 bytes]

user enters problem_user  secret_sauce
  Then user enters "problem_user" and "secret_sauce"                   # stepdefnitions.PageFactoryLoginStepsDefinition.user_enters_and(java.lang.String,java.lang.String)
Tear Down method executed..

    Embedding Free CRM login test Sceanrio [image/png 7664 bytes]

user_clicks_on_login_button 
  Then user clicks on login button                                     # stepdefnitions.PageFactoryLoginStepsDefinition.user_clicks_on_login_button()
Tear Down method executed..

    Embedding Free CRM login test Sceanrio [image/png 224143 bytes]

user is on home page 
  Then user is on home page                                            # stepdefnitions.PageFactoryLoginStepsDefinition.user_is_on_home_page()
Tear Down method executed..

    Embedding Free CRM login test Sceanrio [image/png 224143 bytes]

user moves to new contact page 
  Then user moves to new contact page                                  # stepdefnitions.PageFactoryLoginStepsDefinition.user_moves_to_new_contact_page()
Tear Down method executed..

    Embedding Free CRM login test Sceanrio [image/png 224143 bytes]

user enters Tommy  Dsouza  Director
  Then user enters contact details "Tommy" and "Dsouza" and "Director" # stepdefnitions.PageFactoryLoginStepsDefinition.user_enters_contact_details_and_and(java.lang.String,java.lang.String,java.lang.String)
Tear Down method executed..

    Embedding Free CRM login test Sceanrio [image/png 224143 bytes]

Close the browser 
  Then Close the browser                                               # stepdefnitions.PageFactoryLoginStepsDefinition.close_the_browser()
Tear Down method executed..

    Embedding Free CRM login test Sceanrio [image/png 224143 bytes]

Tear Down method executed..
]]></system-out>
  </testcase>
  <testcase name="runScenario[&quot;Free CRM login test Sceanrio&quot;, &quot;Free CRM login feature&quot;](6)" classname="runner.Testrunner" time="17.157">
    <system-out><![CDATA[
Scenario Outline: Free CRM login test Sceanrio                         # src/test/resources/features/login2.feature:18
user is already on login page
  Given user is already on login page                                  # stepdefnitions.PageFactoryLoginStepsDefinition.user_is_already_on_login_page()
Tear Down method executed..

    Embedding Free CRM login test Sceanrio [image/png 7789 bytes]

title of login page is Free CRM
  When title of login page is Free CRM                                 # stepdefnitions.PageFactoryLoginStepsDefinition.title_of_login_page_is_Free_CRM()
Tear Down method executed..

    Embedding Free CRM login test Sceanrio [image/png 7789 bytes]

user enters performance_glitch_user  secret_sauce
  Then user enters "performance_glitch_user" and "secret_sauce"        # stepdefnitions.PageFactoryLoginStepsDefinition.user_enters_and(java.lang.String,java.lang.String)
Tear Down method executed..

    Embedding Free CRM login test Sceanrio [image/png 7811 bytes]

user_clicks_on_login_button 
  Then user clicks on login button                                     # stepdefnitions.PageFactoryLoginStepsDefinition.user_clicks_on_login_button()
Tear Down method executed..

    Embedding Free CRM login test Sceanrio [image/png 70949 bytes]

user is on home page 
  Then user is on home page                                            # stepdefnitions.PageFactoryLoginStepsDefinition.user_is_on_home_page()
Tear Down method executed..

    Embedding Free CRM login test Sceanrio [image/png 70949 bytes]

user moves to new contact page 
  Then user moves to new contact page                                  # stepdefnitions.PageFactoryLoginStepsDefinition.user_moves_to_new_contact_page()
Tear Down method executed..

    Embedding Free CRM login test Sceanrio [image/png 70949 bytes]

user enters David  Dsouza  Director
  Then user enters contact details "David" and "Dsouza" and "Director" # stepdefnitions.PageFactoryLoginStepsDefinition.user_enters_contact_details_and_and(java.lang.String,java.lang.String,java.lang.String)
Tear Down method executed..

    Embedding Free CRM login test Sceanrio [image/png 70949 bytes]

Close the browser 
  Then Close the browser                                               # stepdefnitions.PageFactoryLoginStepsDefinition.close_the_browser()
Tear Down method executed..

    Embedding Free CRM login test Sceanrio [image/png 70949 bytes]

Tear Down method executed..
]]></system-out>
  </testcase>
  <testcase name="runScenario[&quot;Scenario 1 from test2 feature&quot;, &quot;This is test2 feature&quot;](1)" classname="runner.TestrunnerForTags" time="0.011">
    <system-out><![CDATA[
@smoke @regression
Scenario: Scenario 1 from test2 feature # src/test/resources/featureWithTags/test2.feature:3
]]></system-out>
    <system-err><![CDATA[┌──────────────────────────────────────────────────────────────────────────┐
│ View your Cucumber Report at:                                            │
│ https://reports.cucumber.io/reports/859774e0-971a-4bfc-a4ad-2a8e48b5d2ae │
│                                                                          │
│ This report will self-destruct in 24h.                                   │
│ Keep reports forever: https://reports.cucumber.io/profile                │
└──────────────────────────────────────────────────────────────────────────┘]]></system-err>
  </testcase>
</testsuite>